<!DOCTYPE html PUBLIC "-//W3C//DTD XHTML 1.1//EN" "https://www.w3.org/TR/xhtml11/DTD/xhtml11.dtd">
<html xmlns="https://www.w3.org/1999/xhtml">
<head>
<meta http-equiv="content-type" content="text/html; charset=UTF-8"/>
<title>TestNG Report</title>
<style type="text/css">table {margin-bottom:10px;border-collapse:collapse;empty-cells:show}th,td {border:1px solid #009;padding:.25em .5em}th {vertical-align:bottom}td {vertical-align:top}table a {font-weight:bold}.stripe td {background-color: #E6EBF9}.num {text-align:right}.passedodd td {background-color: #3F3}.passedeven td {background-color: #0A0}.skippedodd td {background-color: #DDD}.skippedeven td {background-color: #CCC}.failedodd td,.attn {background-color: #F33}.failedeven td,.stripe .attn {background-color: #D00}.stacktrace {white-space:pre;font-family:monospace}.totop {font-size:85%;text-align:center;border-bottom:2px solid #000}.invisible {display:none}</style>
</head>
<body>
<table>
<tr><th>Test</th><th># Passed</th><th># Skipped</th><th># Retried</th><th># Failed</th><th>Time (ms)</th><th>Included Groups</th><th>Excluded Groups</th></tr>
<tr><th colspan="8">COM Rainbow Test</th></tr>
<tr><td><a href="#t0">End To End Test</a></td><td class="num">4</td><td class="num">0</td><td class="num">0</td><td class="num attn">3</td><td class="num">155,178</td><td></td><td></td></tr>
</table>
<table id='summary'><thead><tr><th>Class</th><th>Method</th><th>Start</th><th>Time (ms)</th></tr></thead><tbody><tr><th colspan="4">COM Rainbow Test</th></tr></tbody><tbody id="t0"><tr><th colspan="4">End To End Test &#8212; failed</th></tr><tr class="failedeven"><td rowspan="3">com.Rainbow.Testcases.LoginPageTest</td><td><a href="#m0">LoginPage</a></td><td rowspan="3">1649625404127</td><td rowspan="3">19104</td></tr><tr class="failedeven"><td><a href="#m1">LoginPage</a></td></tr><tr class="failedeven"><td><a href="#m2">LoginPage</a></td></tr><tr><th colspan="4">End To End Test &#8212; passed</th></tr><tr class="passedeven"><td rowspan="1">com.Rainbow.Testcases.ConversationTest</td><td><a href="#m3">Conversation</a></td><td rowspan="1">1649625487331</td><td rowspan="1">2574</td></tr><tr class="passedodd"><td rowspan="1">com.Rainbow.Testcases.LoginPageTest</td><td><a href="#m4">LoginPage</a></td><td rowspan="1">1649625382677</td><td rowspan="1">18385</td></tr><tr class="passedeven"><td rowspan="2">com.Rainbow.Testcases.ReadWriteDataFromCSV</td><td><a href="#m5">WriteDataToCsv</a></td><td rowspan="2">1649625509842</td><td rowspan="2">1819</td></tr><tr class="passedeven"><td><a href="#m6">WriteDataToCsv</a></td></tr></tbody>
</table>
<h2>End To End Test</h2><h3 id="m0">com.Rainbow.Testcases.LoginPageTest#LoginPage</h3><table class="result"><tr class="param"><th>Parameter #1</th><th>Parameter #2</th></tr><tr class="param stripe"><td>khaled.khoof.96@gmail.com</td><td>Kh_1234561</td></tr><tr><th colspan="2">Exception</th></tr><tr><td colspan="2"><div class="stacktrace">java.lang.AssertionError: Failed login to the system expected [https://web.openrainbow.net/rb/2.103.0/index.html#/main/home] but found [https://web.openrainbow.net/rb/2.103.0/index.html#/login]
	at com.Rainbow.Testcases.LoginPageTest.LoginPage(LoginPageTest.java:54)
	at java.base/java.util.ArrayList.forEach(ArrayList.java:1541)
... Removed 32 stack frames</div></td></tr></table><p class="totop"><a href="#summary">back to summary</a></p>
<h3 id="m1">com.Rainbow.Testcases.LoginPageTest#LoginPage</h3><table class="result"><tr class="param"><th>Parameter #1</th><th>Parameter #2</th></tr><tr class="param stripe"><td>khaled.96@gmail.com</td><td>Kh_1234561</td></tr><tr><th colspan="2">Exception</th></tr><tr><td colspan="2"><div class="stacktrace">java.lang.AssertionError: Failed login to the system expected [https://web.openrainbow.net/rb/2.103.0/index.html#/main/home] but found [https://web.openrainbow.net/rb/2.103.0/index.html#/login]
	at com.Rainbow.Testcases.LoginPageTest.LoginPage(LoginPageTest.java:54)
	at java.base/java.util.ArrayList.forEach(ArrayList.java:1541)
... Removed 32 stack frames</div></td></tr></table><p class="totop"><a href="#summary">back to summary</a></p>
<h3 id="m2">com.Rainbow.Testcases.LoginPageTest#LoginPage</h3><table class="result"><tr class="param"><th>Parameter #1</th><th>Parameter #2</th></tr><tr class="param stripe"><td>khaled.96@gmail.com</td><td>Kh_123456</td></tr><tr><th colspan="2">Exception</th></tr><tr><td colspan="2"><div class="stacktrace">java.lang.AssertionError: Failed login to the system expected [https://web.openrainbow.net/rb/2.103.0/index.html#/main/home] but found [https://web.openrainbow.net/rb/2.103.0/index.html#/login]
	at com.Rainbow.Testcases.LoginPageTest.LoginPage(LoginPageTest.java:54)
	at java.base/java.util.ArrayList.forEach(ArrayList.java:1541)
... Removed 32 stack frames</div></td></tr></table><p class="totop"><a href="#summary">back to summary</a></p>
<h3 id="m3">com.Rainbow.Testcases.ConversationTest#Conversation</h3><table class="result"><tr><th class="invisible"/></tr></table><p class="totop"><a href="#summary">back to summary</a></p>
<h3 id="m4">com.Rainbow.Testcases.LoginPageTest#LoginPage</h3><table class="result"><tr class="param"><th>Parameter #1</th><th>Parameter #2</th></tr><tr class="param stripe"><td>khaled.khoof.96@gmail.com</td><td>Kh_123456</td></tr></table><p class="totop"><a href="#summary">back to summary</a></p>
<h3 id="m5">com.Rainbow.Testcases.ReadWriteDataFromCSV#WriteDataToCsv</h3><table class="result"><tr class="param"><th>Parameter #1</th></tr><tr class="param stripe"><td>[Maysam, People]</td></tr></table><p class="totop"><a href="#summary">back to summary</a></p>
<h3 id="m6">com.Rainbow.Testcases.ReadWriteDataFromCSV#WriteDataToCsv</h3><table class="result"><tr class="param"><th>Parameter #1</th></tr><tr class="param stripe"><td>[Asal, Companies]</td></tr></table><p class="totop"><a href="#summary">back to summary</a></p>
</body>
</html>
