<?xml version="1.0" encoding="UTF-8"?>
<testng-results ignored="0" total="7" passed="4" failed="3" skipped="0">
  <reporter-output>
  </reporter-output>
  <suite started-at="2022-04-11T00:16:19 EEST" name="COM Rainbow Test" finished-at="2022-04-11T00:18:54 EEST" duration-ms="155178">
    <groups>
    </groups>
    <test started-at="2022-04-11T00:16:19 EEST" name="End To End Test" finished-at="2022-04-11T00:18:54 EEST" duration-ms="155178">
      <class name="com.Rainbow.Testcases.ReadWriteDataFromCSV">
        <test-method is-config="true" signature="login()[pri:0, instance:com.Rainbow.Testcases.ReadWriteDataFromCSV@fba92d3]" started-at="2022-04-11T00:18:10 EEST" name="login" finished-at="2022-04-11T00:18:29 EEST" duration-ms="19563" status="PASS">
          <reporter-output>
          </reporter-output>
        </test-method> <!-- login -->
        <test-method signature="WriteDataToCsv([Ljava.lang.String;)[pri:0, instance:com.Rainbow.Testcases.ReadWriteDataFromCSV@fba92d3]" started-at="2022-04-11T00:18:29 EEST" name="WriteDataToCsv" data-provider="readCSVData" finished-at="2022-04-11T00:18:31 EEST" duration-ms="1819" status="PASS">
          <params>
            <param index="0">
              <value>
                <![CDATA[[Ljava.lang.String;@663f237a]]>
              </value>
            </param>
          </params>
          <reporter-output>
          </reporter-output>
        </test-method> <!-- WriteDataToCsv -->
        <test-method is-config="true" signature="afterMethod()[pri:0, instance:com.Rainbow.Testcases.ReadWriteDataFromCSV@fba92d3]" started-at="2022-04-11T00:18:31 EEST" name="afterMethod" finished-at="2022-04-11T00:18:32 EEST" duration-ms="394" status="PASS">
          <reporter-output>
          </reporter-output>
        </test-method> <!-- afterMethod -->
        <test-method is-config="true" signature="login()[pri:0, instance:com.Rainbow.Testcases.ReadWriteDataFromCSV@fba92d3]" started-at="2022-04-11T00:18:32 EEST" name="login" finished-at="2022-04-11T00:18:52 EEST" duration-ms="20191" status="PASS">
          <reporter-output>
          </reporter-output>
        </test-method> <!-- login -->
        <test-method signature="WriteDataToCsv([Ljava.lang.String;)[pri:0, instance:com.Rainbow.Testcases.ReadWriteDataFromCSV@fba92d3]" started-at="2022-04-11T00:18:52 EEST" name="WriteDataToCsv" data-provider="readCSVData" finished-at="2022-04-11T00:18:53 EEST" duration-ms="1702" status="PASS">
          <params>
            <param index="0">
              <value>
                <![CDATA[[Ljava.lang.String;@5d7399f9]]>
              </value>
            </param>
          </params>
          <reporter-output>
          </reporter-output>
        </test-method> <!-- WriteDataToCsv -->
        <test-method is-config="true" signature="afterMethod()[pri:0, instance:com.Rainbow.Testcases.ReadWriteDataFromCSV@fba92d3]" started-at="2022-04-11T00:18:53 EEST" name="afterMethod" finished-at="2022-04-11T00:18:54 EEST" duration-ms="414" status="PASS">
          <reporter-output>
          </reporter-output>
        </test-method> <!-- afterMethod -->
      </class> <!-- com.Rainbow.Testcases.ReadWriteDataFromCSV -->
      <class name="com.Rainbow.Testcases.LoginPageTest">
        <test-method is-config="true" signature="setUp()[pri:0, instance:com.Rainbow.Testcases.LoginPageTest@5ace1ed4]" started-at="2022-04-11T00:16:19 EEST" name="setUp" finished-at="2022-04-11T00:16:22 EEST" duration-ms="3410" status="PASS">
          <reporter-output>
          </reporter-output>
        </test-method> <!-- setUp -->
        <test-method signature="LoginPage(java.lang.String,java.lang.String)[pri:0, instance:com.Rainbow.Testcases.LoginPageTest@5ace1ed4]" started-at="2022-04-11T00:16:22 EEST" name="LoginPage" data-provider="Mydata" finished-at="2022-04-11T00:16:41 EEST" duration-ms="18385" status="PASS">
          <params>
            <param index="0">
              <value>
                <![CDATA[khaled.khoof.96@gmail.com]]>
              </value>
            </param>
            <param index="1">
              <value>
                <![CDATA[Kh_123456]]>
              </value>
            </param>
          </params>
          <reporter-output>
          </reporter-output>
        </test-method> <!-- LoginPage -->
        <test-method is-config="true" signature="tearDown()[pri:0, instance:com.Rainbow.Testcases.LoginPageTest@5ace1ed4]" started-at="2022-04-11T00:16:41 EEST" name="tearDown" finished-at="2022-04-11T00:16:41 EEST" duration-ms="580" status="PASS">
          <reporter-output>
          </reporter-output>
        </test-method> <!-- tearDown -->
        <test-method is-config="true" signature="setUp()[pri:0, instance:com.Rainbow.Testcases.LoginPageTest@5ace1ed4]" started-at="2022-04-11T00:16:41 EEST" name="setUp" finished-at="2022-04-11T00:16:44 EEST" duration-ms="2477" status="PASS">
          <reporter-output>
          </reporter-output>
        </test-method> <!-- setUp -->
        <test-method signature="LoginPage(java.lang.String,java.lang.String)[pri:0, instance:com.Rainbow.Testcases.LoginPageTest@5ace1ed4]" started-at="2022-04-11T00:16:44 EEST" name="LoginPage" data-provider="Mydata" finished-at="2022-04-11T00:17:03 EEST" duration-ms="19104" status="FAIL">
          <params>
            <param index="0">
              <value>
                <![CDATA[khaled.khoof.96@gmail.com]]>
              </value>
            </param>
            <param index="1">
              <value>
                <![CDATA[Kh_1234561]]>
              </value>
            </param>
          </params>
          <exception class="java.lang.AssertionError">
            <message>
              <![CDATA[Failed login to the system expected [https://web.openrainbow.net/rb/2.103.0/index.html#/main/home] but found [https://web.openrainbow.net/rb/2.103.0/index.html#/login]]]>
            </message>
            <full-stacktrace>
              <![CDATA[java.lang.AssertionError: Failed login to the system expected [https://web.openrainbow.net/rb/2.103.0/index.html#/main/home] but found [https://web.openrainbow.net/rb/2.103.0/index.html#/login]
at org.testng.Assert.fail(Assert.java:99)
at org.testng.Assert.failNotEquals(Assert.java:1037)
at org.testng.Assert.assertEqualsImpl(Assert.java:140)
at org.testng.Assert.assertEquals(Assert.java:122)
at org.testng.Assert.assertEquals(Assert.java:629)
at com.Rainbow.Testcases.LoginPageTest.LoginPage(LoginPageTest.java:54)
at java.base/jdk.internal.reflect.NativeMethodAccessorImpl.invoke0(Native Method)
at java.base/jdk.internal.reflect.NativeMethodAccessorImpl.invoke(NativeMethodAccessorImpl.java:62)
at java.base/jdk.internal.reflect.DelegatingMethodAccessorImpl.invoke(DelegatingMethodAccessorImpl.java:43)
at java.base/java.lang.reflect.Method.invoke(Method.java:566)
at org.testng.internal.MethodInvocationHelper.invokeMethod(MethodInvocationHelper.java:133)
at org.testng.internal.TestInvoker.invokeMethod(TestInvoker.java:598)
at org.testng.internal.TestInvoker.invokeTestMethod(TestInvoker.java:173)
at org.testng.internal.MethodRunner.runInSequence(MethodRunner.java:46)
at org.testng.internal.TestInvoker$MethodInvocationAgent.invoke(TestInvoker.java:824)
at org.testng.internal.TestInvoker.invokeTestMethods(TestInvoker.java:146)
at org.testng.internal.TestMethodWorker.invokeTestMethods(TestMethodWorker.java:146)
at org.testng.internal.TestMethodWorker.run(TestMethodWorker.java:128)
at java.base/java.util.ArrayList.forEach(ArrayList.java:1541)
at org.testng.TestRunner.privateRun(TestRunner.java:794)
at org.testng.TestRunner.run(TestRunner.java:596)
at org.testng.SuiteRunner.runTest(SuiteRunner.java:377)
at org.testng.SuiteRunner.runSequentially(SuiteRunner.java:371)
at org.testng.SuiteRunner.privateRun(SuiteRunner.java:332)
at org.testng.SuiteRunner.run(SuiteRunner.java:276)
at org.testng.SuiteRunnerWorker.runSuite(SuiteRunnerWorker.java:53)
at org.testng.SuiteRunnerWorker.run(SuiteRunnerWorker.java:96)
at org.testng.TestNG.runSuitesSequentially(TestNG.java:1212)
at org.testng.TestNG.runSuitesLocally(TestNG.java:1134)
at org.testng.TestNG.runSuites(TestNG.java:1063)
at org.testng.TestNG.run(TestNG.java:1031)
at org.testng.remote.AbstractRemoteTestNG.run(AbstractRemoteTestNG.java:115)
at org.testng.remote.RemoteTestNG.initAndRun(RemoteTestNG.java:251)
at org.testng.remote.RemoteTestNG.main(RemoteTestNG.java:77)
]]>
            </full-stacktrace>
          </exception> <!-- java.lang.AssertionError -->
          <reporter-output>
          </reporter-output>
        </test-method> <!-- LoginPage -->
        <test-method is-config="true" signature="tearDown()[pri:0, instance:com.Rainbow.Testcases.LoginPageTest@5ace1ed4]" started-at="2022-04-11T00:17:03 EEST" name="tearDown" finished-at="2022-04-11T00:17:03 EEST" duration-ms="475" status="PASS">
          <reporter-output>
          </reporter-output>
        </test-method> <!-- tearDown -->
        <test-method is-config="true" signature="setUp()[pri:0, instance:com.Rainbow.Testcases.LoginPageTest@5ace1ed4]" started-at="2022-04-11T00:17:03 EEST" name="setUp" finished-at="2022-04-11T00:17:06 EEST" duration-ms="2325" status="PASS">
          <reporter-output>
          </reporter-output>
        </test-method> <!-- setUp -->
        <test-method signature="LoginPage(java.lang.String,java.lang.String)[pri:0, instance:com.Rainbow.Testcases.LoginPageTest@5ace1ed4]" started-at="2022-04-11T00:17:06 EEST" name="LoginPage" data-provider="Mydata" finished-at="2022-04-11T00:17:24 EEST" duration-ms="18695" status="FAIL">
          <params>
            <param index="0">
              <value>
                <![CDATA[khaled.96@gmail.com]]>
              </value>
            </param>
            <param index="1">
              <value>
                <![CDATA[Kh_123456]]>
              </value>
            </param>
          </params>
          <exception class="java.lang.AssertionError">
            <message>
              <![CDATA[Failed login to the system expected [https://web.openrainbow.net/rb/2.103.0/index.html#/main/home] but found [https://web.openrainbow.net/rb/2.103.0/index.html#/login]]]>
            </message>
            <full-stacktrace>
              <![CDATA[java.lang.AssertionError: Failed login to the system expected [https://web.openrainbow.net/rb/2.103.0/index.html#/main/home] but found [https://web.openrainbow.net/rb/2.103.0/index.html#/login]
at org.testng.Assert.fail(Assert.java:99)
at org.testng.Assert.failNotEquals(Assert.java:1037)
at org.testng.Assert.assertEqualsImpl(Assert.java:140)
at org.testng.Assert.assertEquals(Assert.java:122)
at org.testng.Assert.assertEquals(Assert.java:629)
at com.Rainbow.Testcases.LoginPageTest.LoginPage(LoginPageTest.java:54)
at java.base/jdk.internal.reflect.NativeMethodAccessorImpl.invoke0(Native Method)
at java.base/jdk.internal.reflect.NativeMethodAccessorImpl.invoke(NativeMethodAccessorImpl.java:62)
at java.base/jdk.internal.reflect.DelegatingMethodAccessorImpl.invoke(DelegatingMethodAccessorImpl.java:43)
at java.base/java.lang.reflect.Method.invoke(Method.java:566)
at org.testng.internal.MethodInvocationHelper.invokeMethod(MethodInvocationHelper.java:133)
at org.testng.internal.TestInvoker.invokeMethod(TestInvoker.java:598)
at org.testng.internal.TestInvoker.invokeTestMethod(TestInvoker.java:173)
at org.testng.internal.MethodRunner.runInSequence(MethodRunner.java:46)
at org.testng.internal.TestInvoker$MethodInvocationAgent.invoke(TestInvoker.java:824)
at org.testng.internal.TestInvoker.invokeTestMethods(TestInvoker.java:146)
at org.testng.internal.TestMethodWorker.invokeTestMethods(TestMethodWorker.java:146)
at org.testng.internal.TestMethodWorker.run(TestMethodWorker.java:128)
at java.base/java.util.ArrayList.forEach(ArrayList.java:1541)
at org.testng.TestRunner.privateRun(TestRunner.java:794)
at org.testng.TestRunner.run(TestRunner.java:596)
at org.testng.SuiteRunner.runTest(SuiteRunner.java:377)
at org.testng.SuiteRunner.runSequentially(SuiteRunner.java:371)
at org.testng.SuiteRunner.privateRun(SuiteRunner.java:332)
at org.testng.SuiteRunner.run(SuiteRunner.java:276)
at org.testng.SuiteRunnerWorker.runSuite(SuiteRunnerWorker.java:53)
at org.testng.SuiteRunnerWorker.run(SuiteRunnerWorker.java:96)
at org.testng.TestNG.runSuitesSequentially(TestNG.java:1212)
at org.testng.TestNG.runSuitesLocally(TestNG.java:1134)
at org.testng.TestNG.runSuites(TestNG.java:1063)
at org.testng.TestNG.run(TestNG.java:1031)
at org.testng.remote.AbstractRemoteTestNG.run(AbstractRemoteTestNG.java:115)
at org.testng.remote.RemoteTestNG.initAndRun(RemoteTestNG.java:251)
at org.testng.remote.RemoteTestNG.main(RemoteTestNG.java:77)
]]>
            </full-stacktrace>
          </exception> <!-- java.lang.AssertionError -->
          <reporter-output>
          </reporter-output>
        </test-method> <!-- LoginPage -->
        <test-method is-config="true" signature="tearDown()[pri:0, instance:com.Rainbow.Testcases.LoginPageTest@5ace1ed4]" started-at="2022-04-11T00:17:24 EEST" name="tearDown" finished-at="2022-04-11T00:17:25 EEST" duration-ms="454" status="PASS">
          <reporter-output>
          </reporter-output>
        </test-method> <!-- tearDown -->
        <test-method is-config="true" signature="setUp()[pri:0, instance:com.Rainbow.Testcases.LoginPageTest@5ace1ed4]" started-at="2022-04-11T00:17:25 EEST" name="setUp" finished-at="2022-04-11T00:17:27 EEST" duration-ms="2535" status="PASS">
          <reporter-output>
          </reporter-output>
        </test-method> <!-- setUp -->
        <test-method signature="LoginPage(java.lang.String,java.lang.String)[pri:0, instance:com.Rainbow.Testcases.LoginPageTest@5ace1ed4]" started-at="2022-04-11T00:17:27 EEST" name="LoginPage" data-provider="Mydata" finished-at="2022-04-11T00:17:46 EEST" duration-ms="19117" status="FAIL">
          <params>
            <param index="0">
              <value>
                <![CDATA[khaled.96@gmail.com]]>
              </value>
            </param>
            <param index="1">
              <value>
                <![CDATA[Kh_1234561]]>
              </value>
            </param>
          </params>
          <exception class="java.lang.AssertionError">
            <message>
              <![CDATA[Failed login to the system expected [https://web.openrainbow.net/rb/2.103.0/index.html#/main/home] but found [https://web.openrainbow.net/rb/2.103.0/index.html#/login]]]>
            </message>
            <full-stacktrace>
              <![CDATA[java.lang.AssertionError: Failed login to the system expected [https://web.openrainbow.net/rb/2.103.0/index.html#/main/home] but found [https://web.openrainbow.net/rb/2.103.0/index.html#/login]
at org.testng.Assert.fail(Assert.java:99)
at org.testng.Assert.failNotEquals(Assert.java:1037)
at org.testng.Assert.assertEqualsImpl(Assert.java:140)
at org.testng.Assert.assertEquals(Assert.java:122)
at org.testng.Assert.assertEquals(Assert.java:629)
at com.Rainbow.Testcases.LoginPageTest.LoginPage(LoginPageTest.java:54)
at java.base/jdk.internal.reflect.NativeMethodAccessorImpl.invoke0(Native Method)
at java.base/jdk.internal.reflect.NativeMethodAccessorImpl.invoke(NativeMethodAccessorImpl.java:62)
at java.base/jdk.internal.reflect.DelegatingMethodAccessorImpl.invoke(DelegatingMethodAccessorImpl.java:43)
at java.base/java.lang.reflect.Method.invoke(Method.java:566)
at org.testng.internal.MethodInvocationHelper.invokeMethod(MethodInvocationHelper.java:133)
at org.testng.internal.TestInvoker.invokeMethod(TestInvoker.java:598)
at org.testng.internal.TestInvoker.invokeTestMethod(TestInvoker.java:173)
at org.testng.internal.MethodRunner.runInSequence(MethodRunner.java:46)
at org.testng.internal.TestInvoker$MethodInvocationAgent.invoke(TestInvoker.java:824)
at org.testng.internal.TestInvoker.invokeTestMethods(TestInvoker.java:146)
at org.testng.internal.TestMethodWorker.invokeTestMethods(TestMethodWorker.java:146)
at org.testng.internal.TestMethodWorker.run(TestMethodWorker.java:128)
at java.base/java.util.ArrayList.forEach(ArrayList.java:1541)
at org.testng.TestRunner.privateRun(TestRunner.java:794)
at org.testng.TestRunner.run(TestRunner.java:596)
at org.testng.SuiteRunner.runTest(SuiteRunner.java:377)
at org.testng.SuiteRunner.runSequentially(SuiteRunner.java:371)
at org.testng.SuiteRunner.privateRun(SuiteRunner.java:332)
at org.testng.SuiteRunner.run(SuiteRunner.java:276)
at org.testng.SuiteRunnerWorker.runSuite(SuiteRunnerWorker.java:53)
at org.testng.SuiteRunnerWorker.run(SuiteRunnerWorker.java:96)
at org.testng.TestNG.runSuitesSequentially(TestNG.java:1212)
at org.testng.TestNG.runSuitesLocally(TestNG.java:1134)
at org.testng.TestNG.runSuites(TestNG.java:1063)
at org.testng.TestNG.run(TestNG.java:1031)
at org.testng.remote.AbstractRemoteTestNG.run(AbstractRemoteTestNG.java:115)
at org.testng.remote.RemoteTestNG.initAndRun(RemoteTestNG.java:251)
at org.testng.remote.RemoteTestNG.main(RemoteTestNG.java:77)
]]>
            </full-stacktrace>
          </exception> <!-- java.lang.AssertionError -->
          <reporter-output>
          </reporter-output>
        </test-method> <!-- LoginPage -->
        <test-method is-config="true" signature="tearDown()[pri:0, instance:com.Rainbow.Testcases.LoginPageTest@5ace1ed4]" started-at="2022-04-11T00:17:46 EEST" name="tearDown" finished-at="2022-04-11T00:17:47 EEST" duration-ms="342" status="PASS">
          <reporter-output>
          </reporter-output>
        </test-method> <!-- tearDown -->
      </class> <!-- com.Rainbow.Testcases.LoginPageTest -->
      <class name="com.Rainbow.Testcases.ConversationTest">
        <test-method is-config="true" signature="login()[pri:0, instance:com.Rainbow.Testcases.ConversationTest@67c33749]" started-at="2022-04-11T00:17:47 EEST" name="login" finished-at="2022-04-11T00:18:07 EEST" duration-ms="20142" status="PASS">
          <reporter-output>
          </reporter-output>
        </test-method> <!-- login -->
        <test-method signature="Conversation()[pri:0, instance:com.Rainbow.Testcases.ConversationTest@67c33749]" started-at="2022-04-11T00:18:07 EEST" name="Conversation" finished-at="2022-04-11T00:18:09 EEST" duration-ms="2574" status="PASS">
          <reporter-output>
          </reporter-output>
        </test-method> <!-- Conversation -->
        <test-method is-config="true" signature="afterMethod()[pri:0, instance:com.Rainbow.Testcases.ConversationTest@67c33749]" started-at="2022-04-11T00:18:09 EEST" name="afterMethod" finished-at="2022-04-11T00:18:10 EEST" duration-ms="360" status="PASS">
          <reporter-output>
          </reporter-output>
        </test-method> <!-- afterMethod -->
      </class> <!-- com.Rainbow.Testcases.ConversationTest -->
    </test> <!-- End To End Test -->
  </suite> <!-- COM Rainbow Test -->
</testng-results>
