<?xml version="1.0" encoding="UTF-8"?>
<!-- Generated by org.testng.reporters.JUnitXMLReporter -->
<testsuite ignored="0" hostname="DESKTOP-SU3UOIP" failures="3" tests="7" name="End To End Test" time="155.178" errors="0" timestamp="2022-04-11T00:18:54 EEST">
  <testcase classname="com.Rainbow.Testcases.LoginPageTest" name="LoginPage" time="18.385"/>
  <testcase classname="com.Rainbow.Testcases.LoginPageTest" name="LoginPage" time="19.104">
    <failure type="java.lang.AssertionError" message="Failed login to the system expected [https://web.openrainbow.net/rb/2.103.0/index.html#/main/home] but found [https://web.openrainbow.net/rb/2.103.0/index.html#/login]">
      <![CDATA[java.lang.AssertionError: Failed login to the system expected [https://web.openrainbow.net/rb/2.103.0/index.html#/main/home] but found [https://web.openrainbow.net/rb/2.103.0/index.html#/login]
at com.Rainbow.Testcases.LoginPageTest.LoginPage(LoginPageTest.java:54)
at java.base/java.util.ArrayList.forEach(ArrayList.java:1541)
... Removed 32 stack frames]]>
    </failure>
  </testcase> <!-- LoginPage -->
  <testcase classname="com.Rainbow.Testcases.LoginPageTest" name="LoginPage" time="18.695">
    <failure type="java.lang.AssertionError" message="Failed login to the system expected [https://web.openrainbow.net/rb/2.103.0/index.html#/main/home] but found [https://web.openrainbow.net/rb/2.103.0/index.html#/login]">
      <![CDATA[java.lang.AssertionError: Failed login to the system expected [https://web.openrainbow.net/rb/2.103.0/index.html#/main/home] but found [https://web.openrainbow.net/rb/2.103.0/index.html#/login]
at com.Rainbow.Testcases.LoginPageTest.LoginPage(LoginPageTest.java:54)
at java.base/java.util.ArrayList.forEach(ArrayList.java:1541)
... Removed 32 stack frames]]>
    </failure>
  </testcase> <!-- LoginPage -->
  <testcase classname="com.Rainbow.Testcases.LoginPageTest" name="LoginPage" time="19.117">
    <failure type="java.lang.AssertionError" message="Failed login to the system expected [https://web.openrainbow.net/rb/2.103.0/index.html#/main/home] but found [https://web.openrainbow.net/rb/2.103.0/index.html#/login]">
      <![CDATA[java.lang.AssertionError: Failed login to the system expected [https://web.openrainbow.net/rb/2.103.0/index.html#/main/home] but found [https://web.openrainbow.net/rb/2.103.0/index.html#/login]
at com.Rainbow.Testcases.LoginPageTest.LoginPage(LoginPageTest.java:54)
at java.base/java.util.ArrayList.forEach(ArrayList.java:1541)
... Removed 32 stack frames]]>
    </failure>
  </testcase> <!-- LoginPage -->
  <testcase classname="com.Rainbow.Testcases.ConversationTest" name="Conversation" time="2.574"/>
  <testcase classname="com.Rainbow.Testcases.ReadWriteDataFromCSV" name="WriteDataToCsv" time="1.819"/>
  <testcase classname="com.Rainbow.Testcases.ReadWriteDataFromCSV" name="WriteDataToCsv" time="1.702"/>
</testsuite> <!-- End To End Test -->
